2026-03-23 18:04:42,023 | ERROR    | handlers.py.general:51 | Uncaught error handled: POST http://localhost:8000/mgc-ptl/api/auth/users/login
2026-03-23 18:04:42,024 | ERROR    | handlers.py.general:52 | Exception: InvalidRequestError: When initializing mapper Mapper[User(users)], expression 'Pair' failed to locate a name ('Pair'). If this is a class name, consider adding this relationship() to the <class 'app.models.auth.User'> class after both dependent classes have been defined.
2026-03-23 18:04:42,024 | ERROR    | handlers.py.general:53 | Traceback:
NoneType: None

2026-03-23 18:04:45,444 | ERROR    | handlers.py.general:51 | Uncaught error handled: POST http://localhost:8000/mgc-ptl/api/auth/users/login
2026-03-23 18:04:45,445 | ERROR    | handlers.py.general:52 | Exception: InvalidRequestError: One or more mappers failed to initialize - can't proceed with initialization of other mappers. Triggering mapper: 'Mapper[User(users)]'. Original exception was: When initializing mapper Mapper[User(users)], expression 'Pair' failed to locate a name ('Pair'). If this is a class name, consider adding this relationship() to the <class 'app.models.auth.User'> class after both dependent classes have been defined.
2026-03-23 18:04:45,448 | ERROR    | handlers.py.general:53 | Traceback:
NoneType: None

2026-03-23 18:04:46,814 | ERROR    | handlers.py.general:51 | Uncaught error handled: POST http://localhost:8000/mgc-ptl/api/auth/users/login
2026-03-23 18:04:46,814 | ERROR    | handlers.py.general:52 | Exception: InvalidRequestError: One or more mappers failed to initialize - can't proceed with initialization of other mappers. Triggering mapper: 'Mapper[User(users)]'. Original exception was: When initializing mapper Mapper[User(users)], expression 'Pair' failed to locate a name ('Pair'). If this is a class name, consider adding this relationship() to the <class 'app.models.auth.User'> class after both dependent classes have been defined.
2026-03-23 18:04:46,815 | ERROR    | handlers.py.general:53 | Traceback:
NoneType: None

2026-03-23 18:04:48,273 | ERROR    | handlers.py.general:51 | Uncaught error handled: POST http://localhost:8000/mgc-ptl/api/auth/users/login
2026-03-23 18:04:48,273 | ERROR    | handlers.py.general:52 | Exception: InvalidRequestError: One or more mappers failed to initialize - can't proceed with initialization of other mappers. Triggering mapper: 'Mapper[User(users)]'. Original exception was: When initializing mapper Mapper[User(users)], expression 'Pair' failed to locate a name ('Pair'). If this is a class name, consider adding this relationship() to the <class 'app.models.auth.User'> class after both dependent classes have been defined.
2026-03-23 18:04:48,274 | ERROR    | handlers.py.general:53 | Traceback:
NoneType: None

2026-03-23 18:05:10,478 | ERROR    | handlers.py.general:51 | Uncaught error handled: POST http://localhost:8000/mgc-ptl/api/auth/users/login
2026-03-23 18:05:10,479 | ERROR    | handlers.py.general:52 | Exception: InvalidRequestError: One or more mappers failed to initialize - can't proceed with initialization of other mappers. Triggering mapper: 'Mapper[User(users)]'. Original exception was: When initializing mapper Mapper[User(users)], expression 'Pair' failed to locate a name ('Pair'). If this is a class name, consider adding this relationship() to the <class 'app.models.auth.User'> class after both dependent classes have been defined.
2026-03-23 18:05:10,479 | ERROR    | handlers.py.general:53 | Traceback:
NoneType: None

2026-03-23 18:17:17,880 | WARNING  | handlers.py.base:15 | App error handled: POST http://localhost:8000/mgc-ptl/api/auth/tenants - 403 [INVALID_AUTH_MODE] Invalid auth mode: This endpoint requires local auth mode
2026-03-23 18:18:38,204 | ERROR    | handlers.py.general:51 | Uncaught error handled: POST http://localhost:8000/mgc-ptl/api/auth/users/login
2026-03-23 18:18:38,204 | ERROR    | handlers.py.general:52 | Exception: InvalidRequestError: One or more mappers failed to initialize - can't proceed with initialization of other mappers. Triggering mapper: 'Mapper[User(users)]'. Original exception was: When initializing mapper Mapper[User(users)], expression 'Pair' failed to locate a name ('Pair'). If this is a class name, consider adding this relationship() to the <class 'app.models.auth.User'> class after both dependent classes have been defined.
2026-03-23 18:18:38,205 | ERROR    | handlers.py.general:53 | Traceback:
NoneType: None

